<?xml version="1.0" encoding="UTF-8" ?>
<testsuite tests="10" failures="0" name="id.ac.ukdw.simplesqa.RunCucumberTest" time="0.116" errors="0" skipped="0">
  <properties>
[...]
</properties>
  <testcase classname="Basic Arithmetic" name="First Addition" time="0.017"/>
  <testcase classname="Basic Arithmetic" name="Another Addition" time="0.003"/>
  <testcase classname="Basic Arithmetic" name="Add two numbers -2 &amp; 3" time="0.003"/>
  <testcase classname="Basic Arithmetic" name="Add two numbers 10 &amp; 15" time="0.008"/>
  <testcase classname="Basic Arithmetic" name="Add two numbers 99 &amp; -99" time="0.003"/>
  <testcase classname="Basic Arithmetic" name="Add two numbers -1 &amp; -10" time="0.018"/>
  <testcase classname="Kalkulator Komplek" name="Beberapa operasi aritmatika" time="0.018"/>
  <testcase classname="Kalkulator Komplek" name="Beberapa operasi aritmatika" time="0.009"/>
  <testcase classname="Kalkulator Komplek" name="Beberapa operasi aritmatika" time="0.021"/>
  <testcase classname="Kalkulator Komplek" name="Beberapa operasi aritmatika" time="0.016"/>
</testsuite>